mode: atomic
github.com/observerly/alpacago/pkg/alpacago/dome.go:23.40,28.9 3 1
github.com/observerly/alpacago/pkg/alpacago/dome.go:29.25,30.17 1 1
github.com/observerly/alpacago/pkg/alpacago/dome.go:31.10,32.30 1 0
github.com/observerly/alpacago/pkg/alpacago/dome.go:36.107,45.2 3 5
github.com/observerly/alpacago/pkg/alpacago/dome.go:53.44,55.2 1 2
github.com/observerly/alpacago/pkg/alpacago/dome.go:64.51,75.2 3 1
github.com/observerly/alpacago/pkg/alpacago/dome.go:83.47,85.2 1 2
github.com/observerly/alpacago/pkg/alpacago/dome.go:96.41,98.2 1 2
github.com/observerly/alpacago/pkg/alpacago/dome.go:106.41,108.2 1 1
github.com/observerly/alpacago/pkg/alpacago/dome.go:116.46,118.2 1 3
github.com/observerly/alpacago/pkg/alpacago/dome.go:126.44,128.2 1 1
github.com/observerly/alpacago/pkg/alpacago/dome.go:136.40,138.2 1 1
github.com/observerly/alpacago/pkg/alpacago/dome.go:146.47,148.2 1 1
github.com/observerly/alpacago/pkg/alpacago/dome.go:156.46,158.2 1 1
github.com/observerly/alpacago/pkg/alpacago/dome.go:166.43,168.2 1 1
github.com/observerly/alpacago/pkg/alpacago/dome.go:176.46,178.2 1 1
github.com/observerly/alpacago/pkg/alpacago/dome.go:186.41,188.2 1 1
github.com/observerly/alpacago/pkg/alpacago/dome.go:196.47,198.2 1 1
github.com/observerly/alpacago/pkg/alpacago/dome.go:206.58,209.2 2 4
github.com/observerly/alpacago/pkg/alpacago/dome.go:217.41,219.2 1 2
github.com/observerly/alpacago/pkg/alpacago/dome.go:227.45,238.2 3 2
github.com/observerly/alpacago/pkg/alpacago/dome.go:246.42,248.2 1 1
github.com/observerly/alpacago/pkg/alpacago/dome.go:256.34,265.2 3 1
github.com/observerly/alpacago/pkg/alpacago/dome.go:273.37,282.2 3 1
github.com/observerly/alpacago/pkg/alpacago/dome.go:291.33,300.2 3 1
github.com/observerly/alpacago/pkg/alpacago/dome.go:308.36,317.2 3 1
github.com/observerly/alpacago/pkg/alpacago/dome.go:326.29,335.2 3 1
github.com/observerly/alpacago/pkg/alpacago/dome.go:343.34,352.2 3 1
github.com/observerly/alpacago/pkg/alpacago/dome.go:360.55,371.2 3 1
github.com/observerly/alpacago/pkg/alpacago/dome.go:379.53,390.2 3 1
github.com/observerly/alpacago/pkg/alpacago/dome.go:398.53,409.2 3 1
github.com/observerly/alpacago/pkg/alpacago/filterwheel.go:10.121,19.2 3 5
github.com/observerly/alpacago/pkg/alpacago/filterwheel.go:27.51,29.2 1 1
github.com/observerly/alpacago/pkg/alpacago/filterwheel.go:38.58,49.2 3 1
github.com/observerly/alpacago/pkg/alpacago/filterwheel.go:57.59,59.2 1 1
github.com/observerly/alpacago/pkg/alpacago/filterwheel.go:67.52,69.2 1 1
github.com/observerly/alpacago/pkg/alpacago/filterwheel.go:77.52,79.2 1 1
github.com/observerly/alpacago/pkg/alpacago/filterwheel.go:87.57,97.2 3 1
github.com/observerly/alpacago/pkg/alpacago/monitor.go:10.125,19.2 3 5
github.com/observerly/alpacago/pkg/alpacago/monitor.go:27.53,29.2 1 2
github.com/observerly/alpacago/pkg/alpacago/monitor.go:38.60,49.2 3 1
github.com/observerly/alpacago/pkg/alpacago/monitor.go:57.48,59.2 1 1
github.com/observerly/alpacago/pkg/alpacago/camera.go:20.43,25.9 3 1
github.com/observerly/alpacago/pkg/alpacago/camera.go:26.25,27.17 1 1
github.com/observerly/alpacago/pkg/alpacago/camera.go:28.10,29.30 1 0
github.com/observerly/alpacago/pkg/alpacago/camera.go:44.37,49.9 3 1
github.com/observerly/alpacago/pkg/alpacago/camera.go:50.30,51.17 1 1
github.com/observerly/alpacago/pkg/alpacago/camera.go:52.10,53.30 1 0
github.com/observerly/alpacago/pkg/alpacago/camera.go:62.111,71.2 3 5
github.com/observerly/alpacago/pkg/alpacago/camera.go:79.46,81.2 1 2
github.com/observerly/alpacago/pkg/alpacago/camera.go:90.53,101.2 3 71
github.com/observerly/alpacago/pkg/alpacago/camera.go:109.51,111.2 1 1
github.com/observerly/alpacago/pkg/alpacago/camera.go:119.51,121.2 1 1
github.com/observerly/alpacago/pkg/alpacago/camera.go:129.43,131.2 1 2
github.com/observerly/alpacago/pkg/alpacago/camera.go:139.44,149.2 3 1
github.com/observerly/alpacago/pkg/alpacago/camera.go:157.43,159.2 1 2
github.com/observerly/alpacago/pkg/alpacago/camera.go:167.44,177.2 3 1
github.com/observerly/alpacago/pkg/alpacago/camera.go:186.66,189.2 2 3
github.com/observerly/alpacago/pkg/alpacago/camera.go:197.47,199.2 1 1
github.com/observerly/alpacago/pkg/alpacago/camera.go:207.47,209.2 1 1
github.com/observerly/alpacago/pkg/alpacago/camera.go:217.51,219.2 1 1
github.com/observerly/alpacago/pkg/alpacago/camera.go:227.49,229.2 1 1
github.com/observerly/alpacago/pkg/alpacago/camera.go:237.51,239.2 1 1
github.com/observerly/alpacago/pkg/alpacago/camera.go:247.52,249.2 1 1
github.com/observerly/alpacago/pkg/alpacago/camera.go:257.48,259.2 1 1
github.com/observerly/alpacago/pkg/alpacago/camera.go:267.55,269.2 1 1
github.com/observerly/alpacago/pkg/alpacago/camera.go:277.50,279.2 1 1
github.com/observerly/alpacago/pkg/alpacago/camera.go:287.55,289.2 1 1
github.com/observerly/alpacago/pkg/alpacago/camera.go:297.45,299.2 1 4
github.com/observerly/alpacago/pkg/alpacago/camera.go:307.39,318.2 3 1
github.com/observerly/alpacago/pkg/alpacago/camera.go:326.40,337.2 3 1
github.com/observerly/alpacago/pkg/alpacago/camera.go:345.57,347.2 1 1
github.com/observerly/alpacago/pkg/alpacago/camera.go:355.65,357.2 1 1
github.com/observerly/alpacago/pkg/alpacago/camera.go:376.60,378.2 1 1
github.com/observerly/alpacago/pkg/alpacago/camera.go:386.52,388.2 1 1
github.com/observerly/alpacago/pkg/alpacago/camera.go:396.52,398.2 1 1
github.com/observerly/alpacago/pkg/alpacago/camera.go:406.59,408.2 1 1
github.com/observerly/alpacago/pkg/alpacago/camera.go:416.55,418.2 1 3
github.com/observerly/alpacago/pkg/alpacago/camera.go:426.44,437.2 3 1
github.com/observerly/alpacago/pkg/alpacago/camera.go:445.45,456.2 3 1
github.com/observerly/alpacago/pkg/alpacago/camera.go:464.57,466.2 1 1
github.com/observerly/alpacago/pkg/alpacago/camera.go:474.43,476.2 1 2
github.com/observerly/alpacago/pkg/alpacago/camera.go:484.44,495.2 3 1
github.com/observerly/alpacago/pkg/alpacago/camera.go:503.46,505.2 1 2
github.com/observerly/alpacago/pkg/alpacago/camera.go:513.46,515.2 1 2
github.com/observerly/alpacago/pkg/alpacago/camera.go:523.47,525.2 1 1
github.com/observerly/alpacago/pkg/alpacago/camera.go:533.45,535.2 1 1
github.com/observerly/alpacago/pkg/alpacago/camera.go:543.60,545.2 1 1
github.com/observerly/alpacago/pkg/alpacago/camera.go:553.47,555.2 1 1
github.com/observerly/alpacago/pkg/alpacago/camera.go:563.49,565.2 1 1
github.com/observerly/alpacago/pkg/alpacago/camera.go:573.65,576.16 2 1
github.com/observerly/alpacago/pkg/alpacago/camera.go:580.2,580.21 1 1
github.com/observerly/alpacago/pkg/alpacago/camera.go:584.2,586.16 2 0
github.com/observerly/alpacago/pkg/alpacago/camera.go:590.2,590.16 1 0
github.com/observerly/alpacago/pkg/alpacago/camera.go:576.16,578.3 1 0
github.com/observerly/alpacago/pkg/alpacago/camera.go:580.21,582.3 1 1
github.com/observerly/alpacago/pkg/alpacago/camera.go:586.16,588.3 1 0
github.com/observerly/alpacago/pkg/alpacago/camera.go:599.61,601.2 1 1
github.com/observerly/alpacago/pkg/alpacago/camera.go:609.45,611.2 1 1
github.com/observerly/alpacago/pkg/alpacago/camera.go:619.46,621.2 1 1
github.com/observerly/alpacago/pkg/alpacago/camera.go:629.46,631.2 1 1
github.com/observerly/alpacago/pkg/alpacago/camera.go:639.52,641.2 1 2
github.com/observerly/alpacago/pkg/alpacago/camera.go:649.53,660.2 3 1
github.com/observerly/alpacago/pkg/alpacago/camera.go:668.53,670.2 1 2
github.com/observerly/alpacago/pkg/alpacago/camera.go:678.54,689.2 3 1
github.com/observerly/alpacago/pkg/alpacago/camera.go:698.73,700.2 1 1
github.com/observerly/alpacago/pkg/alpacago/camera.go:708.51,710.2 1 1
github.com/observerly/alpacago/pkg/alpacago/camera.go:718.51,720.2 1 1
github.com/observerly/alpacago/pkg/alpacago/camera.go:728.50,730.2 1 2
github.com/observerly/alpacago/pkg/alpacago/camera.go:738.58,749.2 3 1
github.com/observerly/alpacago/pkg/alpacago/camera.go:757.54,759.2 1 1
github.com/observerly/alpacago/pkg/alpacago/camera.go:767.50,769.2 1 1
github.com/observerly/alpacago/pkg/alpacago/camera.go:777.54,780.2 2 2
github.com/observerly/alpacago/pkg/alpacago/camera.go:788.69,790.2 1 2
github.com/observerly/alpacago/pkg/alpacago/camera.go:798.77,808.2 3 1
github.com/observerly/alpacago/pkg/alpacago/camera.go:816.45,818.2 1 2
github.com/observerly/alpacago/pkg/alpacago/camera.go:826.48,836.2 3 2
github.com/observerly/alpacago/pkg/alpacago/camera.go:844.45,846.2 1 2
github.com/observerly/alpacago/pkg/alpacago/camera.go:854.48,864.2 3 2
github.com/observerly/alpacago/pkg/alpacago/camera.go:872.60,874.2 1 2
github.com/observerly/alpacago/pkg/alpacago/camera.go:882.76,892.2 3 1
github.com/observerly/alpacago/pkg/alpacago/camera.go:900.40,909.2 3 1
github.com/observerly/alpacago/pkg/alpacago/camera.go:917.75,928.2 3 0
github.com/observerly/alpacago/pkg/alpacago/camera.go:936.68,947.2 3 1
github.com/observerly/alpacago/pkg/alpacago/camera.go:955.39,964.2 3 1
github.com/observerly/alpacago/pkg/alpacago/conditions.go:10.137,19.2 3 5
github.com/observerly/alpacago/pkg/alpacago/conditions.go:27.59,29.2 1 2
github.com/observerly/alpacago/pkg/alpacago/conditions.go:38.66,49.2 3 19
github.com/observerly/alpacago/pkg/alpacago/conditions.go:57.67,59.2 1 1
github.com/observerly/alpacago/pkg/alpacago/conditions.go:67.64,69.2 1 1
github.com/observerly/alpacago/pkg/alpacago/conditions.go:77.62,79.2 1 1
github.com/observerly/alpacago/pkg/alpacago/conditions.go:87.62,89.2 1 1
github.com/observerly/alpacago/pkg/alpacago/conditions.go:97.62,99.2 1 1
github.com/observerly/alpacago/pkg/alpacago/conditions.go:107.62,109.2 1 1
github.com/observerly/alpacago/pkg/alpacago/conditions.go:117.67,119.2 1 1
github.com/observerly/alpacago/pkg/alpacago/conditions.go:127.64,129.2 1 1
github.com/observerly/alpacago/pkg/alpacago/conditions.go:137.68,139.2 1 1
github.com/observerly/alpacago/pkg/alpacago/conditions.go:147.68,149.2 1 1
github.com/observerly/alpacago/pkg/alpacago/conditions.go:157.65,159.2 1 1
github.com/observerly/alpacago/pkg/alpacago/conditions.go:169.67,171.2 1 1
github.com/observerly/alpacago/pkg/alpacago/conditions.go:179.62,181.2 1 1
github.com/observerly/alpacago/pkg/alpacago/conditions.go:189.63,191.2 1 1
github.com/observerly/alpacago/pkg/alpacago/conditions.go:199.50,208.2 3 1
github.com/observerly/alpacago/pkg/alpacago/conditions.go:216.87,224.16 4 1
github.com/observerly/alpacago/pkg/alpacago/conditions.go:229.2,229.20 1 1
github.com/observerly/alpacago/pkg/alpacago/conditions.go:235.2,237.26 2 1
github.com/observerly/alpacago/pkg/alpacago/conditions.go:224.16,226.3 1 0
github.com/observerly/alpacago/pkg/alpacago/conditions.go:229.20,232.3 2 0
github.com/observerly/alpacago/pkg/alpacago/conditions.go:246.90,254.16 4 1
github.com/observerly/alpacago/pkg/alpacago/conditions.go:259.2,259.20 1 1
github.com/observerly/alpacago/pkg/alpacago/conditions.go:265.2,267.26 2 1
github.com/observerly/alpacago/pkg/alpacago/conditions.go:254.16,256.3 1 0
github.com/observerly/alpacago/pkg/alpacago/conditions.go:259.20,262.3 2 0
github.com/observerly/alpacago/pkg/alpacago/discovery.go:32.63,40.2 2 1
github.com/observerly/alpacago/pkg/alpacago/discovery.go:42.120,43.30 1 6
github.com/observerly/alpacago/pkg/alpacago/discovery.go:47.2,49.35 2 6
github.com/observerly/alpacago/pkg/alpacago/discovery.go:53.2,60.16 2 6
github.com/observerly/alpacago/pkg/alpacago/discovery.go:43.30,45.3 1 2
github.com/observerly/alpacago/pkg/alpacago/discovery.go:49.35,51.3 1 0
github.com/observerly/alpacago/pkg/alpacago/discovery.go:69.46,72.16 2 0
github.com/observerly/alpacago/pkg/alpacago/discovery.go:76.2,78.20 2 0
github.com/observerly/alpacago/pkg/alpacago/discovery.go:72.16,74.3 1 0
github.com/observerly/alpacago/pkg/alpacago/discovery.go:87.53,90.16 2 0
github.com/observerly/alpacago/pkg/alpacago/discovery.go:94.2,94.21 1 0
github.com/observerly/alpacago/pkg/alpacago/discovery.go:90.16,92.3 1 0
github.com/observerly/alpacago/pkg/alpacago/focuser.go:10.113,19.2 3 5
github.com/observerly/alpacago/pkg/alpacago/focuser.go:28.54,39.2 3 4
github.com/observerly/alpacago/pkg/alpacago/focuser.go:47.46,49.2 1 1
github.com/observerly/alpacago/pkg/alpacago/focuser.go:57.44,59.2 1 2
github.com/observerly/alpacago/pkg/alpacago/focuser.go:67.52,69.2 1 1
github.com/observerly/alpacago/pkg/alpacago/focuser.go:77.47,79.2 1 1
github.com/observerly/alpacago/pkg/alpacago/focuser.go:87.48,89.2 1 1
github.com/observerly/alpacago/pkg/alpacago/focuser.go:97.50,99.2 1 1
github.com/observerly/alpacago/pkg/alpacago/focuser.go:107.62,109.2 1 1
github.com/observerly/alpacago/pkg/alpacago/focuser.go:118.67,129.2 3 1
github.com/observerly/alpacago/pkg/alpacago/focuser.go:137.70,139.2 1 1
github.com/observerly/alpacago/pkg/alpacago/focuser.go:147.53,149.2 1 1
github.com/observerly/alpacago/pkg/alpacago/focuser.go:157.35,166.2 3 0
github.com/observerly/alpacago/pkg/alpacago/focuser.go:176.49,187.2 3 1
github.com/observerly/alpacago/pkg/alpacago/rotator.go:10.113,19.2 3 5
github.com/observerly/alpacago/pkg/alpacago/rotator.go:28.54,39.2 3 3
github.com/observerly/alpacago/pkg/alpacago/rotator.go:47.46,49.2 1 1
github.com/observerly/alpacago/pkg/alpacago/rotator.go:57.44,59.2 1 1
github.com/observerly/alpacago/pkg/alpacago/rotator.go:67.60,69.2 1 1
github.com/observerly/alpacago/pkg/alpacago/rotator.go:77.50,79.2 1 1
github.com/observerly/alpacago/pkg/alpacago/rotator.go:87.46,89.2 1 1
github.com/observerly/alpacago/pkg/alpacago/rotator.go:97.50,107.2 3 1
github.com/observerly/alpacago/pkg/alpacago/rotator.go:115.50,117.2 1 1
github.com/observerly/alpacago/pkg/alpacago/rotator.go:125.56,127.2 1 1
github.com/observerly/alpacago/pkg/alpacago/rotator.go:135.35,144.2 3 1
github.com/observerly/alpacago/pkg/alpacago/rotator.go:153.51,164.2 3 1
github.com/observerly/alpacago/pkg/alpacago/rotator.go:173.59,184.2 3 1
github.com/observerly/alpacago/pkg/alpacago/rotator.go:193.61,204.2 3 1
github.com/observerly/alpacago/pkg/alpacago/rotator.go:213.51,224.2 3 1
github.com/observerly/alpacago/pkg/alpacago/telescope.go:63.134,73.2 3 6
github.com/observerly/alpacago/pkg/alpacago/telescope.go:81.49,83.2 1 2
github.com/observerly/alpacago/pkg/alpacago/telescope.go:92.56,103.2 3 1
github.com/observerly/alpacago/pkg/alpacago/telescope.go:111.42,120.2 3 1
github.com/observerly/alpacago/pkg/alpacago/telescope.go:130.63,133.2 2 1
github.com/observerly/alpacago/pkg/alpacago/telescope.go:141.52,143.2 1 1
github.com/observerly/alpacago/pkg/alpacago/telescope.go:151.56,153.2 1 1
github.com/observerly/alpacago/pkg/alpacago/telescope.go:161.60,163.2 1 1
github.com/observerly/alpacago/pkg/alpacago/telescope.go:171.77,180.16 4 1
github.com/observerly/alpacago/pkg/alpacago/telescope.go:185.2,187.29 2 1
github.com/observerly/alpacago/pkg/alpacago/telescope.go:180.16,182.3 1 0
github.com/observerly/alpacago/pkg/alpacago/telescope.go:196.46,198.2 1 1
github.com/observerly/alpacago/pkg/alpacago/telescope.go:206.46,208.2 1 1
github.com/observerly/alpacago/pkg/alpacago/telescope.go:216.51,218.2 1 1
github.com/observerly/alpacago/pkg/alpacago/telescope.go:226.49,228.2 1 1
github.com/observerly/alpacago/pkg/alpacago/telescope.go:236.62,244.16 4 1
github.com/observerly/alpacago/pkg/alpacago/telescope.go:249.2,249.20 1 1
github.com/observerly/alpacago/pkg/alpacago/telescope.go:255.2,257.26 2 1
github.com/observerly/alpacago/pkg/alpacago/telescope.go:244.16,246.3 1 0
github.com/observerly/alpacago/pkg/alpacago/telescope.go:249.20,252.3 2 0
github.com/observerly/alpacago/pkg/alpacago/telescope.go:266.45,268.2 1 1
github.com/observerly/alpacago/pkg/alpacago/telescope.go:276.51,278.2 1 1
github.com/observerly/alpacago/pkg/alpacago/telescope.go:286.59,288.2 1 1
github.com/observerly/alpacago/pkg/alpacago/telescope.go:296.54,298.2 1 1
github.com/observerly/alpacago/pkg/alpacago/telescope.go:306.48,308.2 1 1
github.com/observerly/alpacago/pkg/alpacago/telescope.go:316.52,318.2 1 1
github.com/observerly/alpacago/pkg/alpacago/telescope.go:326.62,328.2 1 1
github.com/observerly/alpacago/pkg/alpacago/telescope.go:336.52,338.2 1 1
github.com/observerly/alpacago/pkg/alpacago/telescope.go:346.45,348.2 1 1
github.com/observerly/alpacago/pkg/alpacago/telescope.go:356.50,358.2 1 1
github.com/observerly/alpacago/pkg/alpacago/telescope.go:366.55,368.2 1 1
github.com/observerly/alpacago/pkg/alpacago/telescope.go:376.50,378.2 1 1
github.com/observerly/alpacago/pkg/alpacago/telescope.go:386.45,388.2 1 1
github.com/observerly/alpacago/pkg/alpacago/telescope.go:396.50,398.2 1 1
github.com/observerly/alpacago/pkg/alpacago/telescope.go:406.47,408.2 1 1
github.com/observerly/alpacago/pkg/alpacago/telescope.go:416.39,425.2 3 1
github.com/observerly/alpacago/pkg/alpacago/telescope.go:435.55,437.2 1 1
github.com/observerly/alpacago/pkg/alpacago/telescope.go:445.59,447.2 1 1
github.com/observerly/alpacago/pkg/alpacago/telescope.go:455.71,465.2 3 1
github.com/observerly/alpacago/pkg/alpacago/telescope.go:473.52,475.2 1 1
github.com/observerly/alpacago/pkg/alpacago/telescope.go:485.66,495.2 3 1
github.com/observerly/alpacago/pkg/alpacago/telescope.go:503.69,506.2 2 1
github.com/observerly/alpacago/pkg/alpacago/telescope.go:514.55,516.2 1 1
github.com/observerly/alpacago/pkg/alpacago/telescope.go:524.52,526.2 1 1
github.com/observerly/alpacago/pkg/alpacago/telescope.go:535.58,537.2 1 1
github.com/observerly/alpacago/pkg/alpacago/telescope.go:545.62,547.2 1 1
github.com/observerly/alpacago/pkg/alpacago/telescope.go:555.77,565.2 3 1
github.com/observerly/alpacago/pkg/alpacago/telescope.go:573.63,576.2 2 1
github.com/observerly/alpacago/pkg/alpacago/telescope.go:584.70,587.40 2 3
github.com/observerly/alpacago/pkg/alpacago/telescope.go:591.2,597.70 2 2
github.com/observerly/alpacago/pkg/alpacago/telescope.go:587.40,589.3 1 1
github.com/observerly/alpacago/pkg/alpacago/telescope.go:606.56,608.2 1 1
github.com/observerly/alpacago/pkg/alpacago/telescope.go:616.57,618.2 1 1
github.com/observerly/alpacago/pkg/alpacago/telescope.go:627.67,630.52 2 3
github.com/observerly/alpacago/pkg/alpacago/telescope.go:634.2,640.73 2 1
github.com/observerly/alpacago/pkg/alpacago/telescope.go:630.52,632.3 1 2
github.com/observerly/alpacago/pkg/alpacago/telescope.go:649.56,651.2 1 1
github.com/observerly/alpacago/pkg/alpacago/telescope.go:659.65,662.47 2 3
github.com/observerly/alpacago/pkg/alpacago/telescope.go:666.2,672.72 2 1
github.com/observerly/alpacago/pkg/alpacago/telescope.go:662.47,664.3 1 2
github.com/observerly/alpacago/pkg/alpacago/telescope.go:681.57,683.2 1 1
github.com/observerly/alpacago/pkg/alpacago/telescope.go:691.67,694.51 2 3
github.com/observerly/alpacago/pkg/alpacago/telescope.go:698.2,704.73 2 1
github.com/observerly/alpacago/pkg/alpacago/telescope.go:694.51,696.3 1 2
github.com/observerly/alpacago/pkg/alpacago/telescope.go:714.47,716.2 1 1
github.com/observerly/alpacago/pkg/alpacago/telescope.go:724.56,726.2 1 1
github.com/observerly/alpacago/pkg/alpacago/telescope.go:734.67,744.2 3 1
github.com/observerly/alpacago/pkg/alpacago/telescope.go:752.77,757.37 3 3
github.com/observerly/alpacago/pkg/alpacago/telescope.go:761.2,761.34 1 2
github.com/observerly/alpacago/pkg/alpacago/telescope.go:765.2,772.71 2 1
github.com/observerly/alpacago/pkg/alpacago/telescope.go:757.37,759.3 1 1
github.com/observerly/alpacago/pkg/alpacago/telescope.go:761.34,763.3 1 1
github.com/observerly/alpacago/pkg/alpacago/telescope.go:782.82,787.37 3 3
github.com/observerly/alpacago/pkg/alpacago/telescope.go:791.2,791.34 1 2
github.com/observerly/alpacago/pkg/alpacago/telescope.go:795.2,802.76 2 1
github.com/observerly/alpacago/pkg/alpacago/telescope.go:787.37,789.3 1 1
github.com/observerly/alpacago/pkg/alpacago/telescope.go:791.34,793.3 1 1
github.com/observerly/alpacago/pkg/alpacago/telescope.go:812.93,817.43 3 3
github.com/observerly/alpacago/pkg/alpacago/telescope.go:821.2,821.48 1 2
github.com/observerly/alpacago/pkg/alpacago/telescope.go:825.2,834.77 3 1
github.com/observerly/alpacago/pkg/alpacago/telescope.go:817.43,819.3 1 1
github.com/observerly/alpacago/pkg/alpacago/telescope.go:821.48,823.3 1 1
github.com/observerly/alpacago/pkg/alpacago/telescope.go:844.98,849.43 3 3
github.com/observerly/alpacago/pkg/alpacago/telescope.go:853.2,853.48 1 2
github.com/observerly/alpacago/pkg/alpacago/telescope.go:857.2,866.82 3 1
github.com/observerly/alpacago/pkg/alpacago/telescope.go:849.43,851.3 1 1
github.com/observerly/alpacago/pkg/alpacago/telescope.go:853.48,855.3 1 1
github.com/observerly/alpacago/pkg/alpacago/telescope.go:876.45,887.2 4 1
github.com/observerly/alpacago/pkg/alpacago/telescope.go:897.50,908.2 4 1
github.com/observerly/alpacago/pkg/alpacago/telescope.go:916.61,918.2 1 1
github.com/observerly/alpacago/pkg/alpacago/telescope.go:926.75,936.2 3 1
github.com/observerly/alpacago/pkg/alpacago/telescope.go:944.64,946.2 1 1
github.com/observerly/alpacago/pkg/alpacago/telescope.go:954.81,964.2 3 1
github.com/observerly/alpacago/pkg/alpacago/telescope.go:972.48,974.2 1 1
github.com/observerly/alpacago/pkg/alpacago/telescope.go:982.54,992.2 3 15
github.com/observerly/alpacago/pkg/alpacago/telescope.go:1000.54,1002.2 1 1
github.com/observerly/alpacago/pkg/alpacago/telescope.go:1013.53,1017.2 3 1
github.com/observerly/alpacago/pkg/alpacago/telescope.go:1028.57,1041.2 4 1
github.com/observerly/alpacago/pkg/alpacago/alpaca.go:30.109,33.13 2 52
github.com/observerly/alpacago/pkg/alpacago/alpaca.go:37.2,39.35 2 52
github.com/observerly/alpacago/pkg/alpacago/alpaca.go:43.2,50.16 2 52
github.com/observerly/alpacago/pkg/alpacago/alpaca.go:33.13,35.3 1 52
github.com/observerly/alpacago/pkg/alpacago/alpaca.go:39.35,41.3 1 10
github.com/observerly/alpacago/pkg/alpacago/alpaca.go:60.56,62.2 1 207
github.com/observerly/alpacago/pkg/alpacago/alpaca.go:71.104,73.2 1 399
github.com/observerly/alpacago/pkg/alpacago/alpaca.go:88.119,95.16 3 8
github.com/observerly/alpacago/pkg/alpacago/alpaca.go:100.2,100.20 1 8
github.com/observerly/alpacago/pkg/alpacago/alpaca.go:106.2,108.26 2 8
github.com/observerly/alpacago/pkg/alpacago/alpaca.go:95.16,97.3 1 0
github.com/observerly/alpacago/pkg/alpacago/alpaca.go:100.20,103.3 2 0
github.com/observerly/alpacago/pkg/alpacago/alpaca.go:124.125,130.16 3 5
github.com/observerly/alpacago/pkg/alpacago/alpaca.go:135.2,135.20 1 5
github.com/observerly/alpacago/pkg/alpacago/alpaca.go:141.2,143.26 2 5
github.com/observerly/alpacago/pkg/alpacago/alpaca.go:130.16,132.3 1 0
github.com/observerly/alpacago/pkg/alpacago/alpaca.go:135.20,138.3 2 0
github.com/observerly/alpacago/pkg/alpacago/alpaca.go:159.118,165.16 3 77
github.com/observerly/alpacago/pkg/alpacago/alpaca.go:170.2,170.20 1 77
github.com/observerly/alpacago/pkg/alpacago/alpaca.go:176.2,178.26 2 77
github.com/observerly/alpacago/pkg/alpacago/alpaca.go:165.16,167.3 1 0
github.com/observerly/alpacago/pkg/alpacago/alpaca.go:170.20,173.3 2 0
github.com/observerly/alpacago/pkg/alpacago/alpaca.go:194.121,200.16 3 57
github.com/observerly/alpacago/pkg/alpacago/alpaca.go:205.2,205.20 1 57
github.com/observerly/alpacago/pkg/alpacago/alpaca.go:211.2,213.26 2 57
github.com/observerly/alpacago/pkg/alpacago/alpaca.go:200.16,202.3 1 0
github.com/observerly/alpacago/pkg/alpacago/alpaca.go:205.20,208.3 2 0
github.com/observerly/alpacago/pkg/alpacago/alpaca.go:229.117,235.16 3 51
github.com/observerly/alpacago/pkg/alpacago/alpaca.go:240.2,240.20 1 51
github.com/observerly/alpacago/pkg/alpacago/alpaca.go:246.2,248.26 2 51
github.com/observerly/alpacago/pkg/alpacago/alpaca.go:235.16,237.3 1 0
github.com/observerly/alpacago/pkg/alpacago/alpaca.go:240.20,243.3 2 0
github.com/observerly/alpacago/pkg/alpacago/alpaca.go:264.125,270.16 3 2
github.com/observerly/alpacago/pkg/alpacago/alpaca.go:275.2,275.20 1 2
github.com/observerly/alpacago/pkg/alpacago/alpaca.go:281.2,283.26 2 2
github.com/observerly/alpacago/pkg/alpacago/alpaca.go:270.16,272.3 1 0
github.com/observerly/alpacago/pkg/alpacago/alpaca.go:275.20,278.3 2 0
github.com/observerly/alpacago/pkg/alpacago/alpaca.go:300.141,306.16 3 2
github.com/observerly/alpacago/pkg/alpacago/alpaca.go:311.2,311.20 1 2
github.com/observerly/alpacago/pkg/alpacago/alpaca.go:317.2,319.39 2 2
github.com/observerly/alpacago/pkg/alpacago/alpaca.go:306.16,308.3 1 0
github.com/observerly/alpacago/pkg/alpacago/alpaca.go:311.20,314.3 2 0
github.com/observerly/alpacago/pkg/alpacago/alpaca.go:329.119,335.16 3 192
github.com/observerly/alpacago/pkg/alpacago/alpaca.go:340.2,340.20 1 192
github.com/observerly/alpacago/pkg/alpacago/alpaca.go:346.2,348.29 2 192
github.com/observerly/alpacago/pkg/alpacago/alpaca.go:352.2,354.12 2 187
github.com/observerly/alpacago/pkg/alpacago/alpaca.go:335.16,337.3 1 0
github.com/observerly/alpacago/pkg/alpacago/alpaca.go:340.20,343.3 2 1
github.com/observerly/alpacago/pkg/alpacago/alpaca.go:348.29,350.3 1 5
github.com/observerly/alpacago/pkg/alpacago/alpaca.go:363.96,365.2 1 1
github.com/observerly/alpacago/pkg/alpacago/alpaca.go:373.101,375.2 1 1
github.com/observerly/alpacago/pkg/alpacago/alpaca.go:383.100,385.2 1 1
github.com/observerly/alpacago/pkg/alpacago/alpaca.go:393.103,395.2 1 1
github.com/observerly/alpacago/pkg/alpacago/alpaca.go:409.105,411.2 1 1
github.com/observerly/alpacago/pkg/alpacago/alpaca.go:419.94,421.2 1 1
github.com/observerly/alpacago/pkg/alpacago/alpaca.go:429.108,431.2 1 1
github.com/observerly/alpacago/pkg/alpacago/calibrator.go:44.129,53.2 3 5
github.com/observerly/alpacago/pkg/alpacago/calibrator.go:61.55,63.2 1 2
github.com/observerly/alpacago/pkg/alpacago/calibrator.go:72.62,83.2 3 9
github.com/observerly/alpacago/pkg/alpacago/calibrator.go:91.60,93.2 1 1
github.com/observerly/alpacago/pkg/alpacago/calibrator.go:102.64,105.2 2 1
github.com/observerly/alpacago/pkg/alpacago/calibrator.go:114.64,117.2 2 1
github.com/observerly/alpacago/pkg/alpacago/calibrator.go:125.61,127.2 1 1
github.com/observerly/alpacago/pkg/alpacago/calibrator.go:135.67,146.2 3 3
github.com/observerly/alpacago/pkg/alpacago/calibrator.go:154.52,163.2 3 1
github.com/observerly/alpacago/pkg/alpacago/calibrator.go:171.46,180.2 3 1
github.com/observerly/alpacago/pkg/alpacago/calibrator.go:188.45,197.2 3 1
github.com/observerly/alpacago/pkg/alpacago/calibrator.go:205.45,214.2 3 1
