mode: atomic
github.com/observerly/camelopardalis/pkg/alpaca/alpaca.go:22.109,25.13 2 22
github.com/observerly/camelopardalis/pkg/alpaca/alpaca.go:29.2,31.35 2 22
github.com/observerly/camelopardalis/pkg/alpaca/alpaca.go:35.2,42.16 2 22
github.com/observerly/camelopardalis/pkg/alpaca/alpaca.go:25.13,27.3 1 18
github.com/observerly/camelopardalis/pkg/alpaca/alpaca.go:31.35,33.3 1 4
github.com/observerly/camelopardalis/pkg/alpaca/alpaca.go:52.56,54.2 1 66
github.com/observerly/camelopardalis/pkg/alpaca/alpaca.go:63.104,65.2 1 102
github.com/observerly/camelopardalis/pkg/alpaca/alpaca.go:80.119,87.16 3 6
github.com/observerly/camelopardalis/pkg/alpaca/alpaca.go:92.2,92.20 1 6
github.com/observerly/camelopardalis/pkg/alpaca/alpaca.go:98.2,100.26 2 6
github.com/observerly/camelopardalis/pkg/alpaca/alpaca.go:87.16,89.3 1 0
github.com/observerly/camelopardalis/pkg/alpaca/alpaca.go:92.20,95.3 2 0
github.com/observerly/camelopardalis/pkg/alpaca/alpaca.go:116.125,122.16 3 3
github.com/observerly/camelopardalis/pkg/alpaca/alpaca.go:127.2,127.20 1 3
github.com/observerly/camelopardalis/pkg/alpaca/alpaca.go:133.2,135.26 2 3
github.com/observerly/camelopardalis/pkg/alpaca/alpaca.go:122.16,124.3 1 0
github.com/observerly/camelopardalis/pkg/alpaca/alpaca.go:127.20,130.3 2 0
github.com/observerly/camelopardalis/pkg/alpaca/alpaca.go:151.118,157.16 3 26
github.com/observerly/camelopardalis/pkg/alpaca/alpaca.go:162.2,162.20 1 26
github.com/observerly/camelopardalis/pkg/alpaca/alpaca.go:168.2,170.26 2 26
github.com/observerly/camelopardalis/pkg/alpaca/alpaca.go:157.16,159.3 1 0
github.com/observerly/camelopardalis/pkg/alpaca/alpaca.go:162.20,165.3 2 0
github.com/observerly/camelopardalis/pkg/alpaca/alpaca.go:186.121,192.16 3 16
github.com/observerly/camelopardalis/pkg/alpaca/alpaca.go:197.2,197.20 1 16
github.com/observerly/camelopardalis/pkg/alpaca/alpaca.go:203.2,205.26 2 16
github.com/observerly/camelopardalis/pkg/alpaca/alpaca.go:192.16,194.3 1 0
github.com/observerly/camelopardalis/pkg/alpaca/alpaca.go:197.20,200.3 2 0
github.com/observerly/camelopardalis/pkg/alpaca/alpaca.go:221.117,227.16 3 10
github.com/observerly/camelopardalis/pkg/alpaca/alpaca.go:232.2,232.20 1 10
github.com/observerly/camelopardalis/pkg/alpaca/alpaca.go:238.2,240.26 2 10
github.com/observerly/camelopardalis/pkg/alpaca/alpaca.go:227.16,229.3 1 0
github.com/observerly/camelopardalis/pkg/alpaca/alpaca.go:232.20,235.3 2 0
github.com/observerly/camelopardalis/pkg/alpaca/alpaca.go:256.125,262.16 3 2
github.com/observerly/camelopardalis/pkg/alpaca/alpaca.go:267.2,267.20 1 2
github.com/observerly/camelopardalis/pkg/alpaca/alpaca.go:273.2,275.26 2 2
github.com/observerly/camelopardalis/pkg/alpaca/alpaca.go:262.16,264.3 1 0
github.com/observerly/camelopardalis/pkg/alpaca/alpaca.go:267.20,270.3 2 0
github.com/observerly/camelopardalis/pkg/alpaca/alpaca.go:285.119,291.16 3 36
github.com/observerly/camelopardalis/pkg/alpaca/alpaca.go:296.2,296.20 1 36
github.com/observerly/camelopardalis/pkg/alpaca/alpaca.go:302.2,304.29 2 36
github.com/observerly/camelopardalis/pkg/alpaca/alpaca.go:308.2,310.12 2 36
github.com/observerly/camelopardalis/pkg/alpaca/alpaca.go:291.16,293.3 1 0
github.com/observerly/camelopardalis/pkg/alpaca/alpaca.go:296.20,299.3 2 1
github.com/observerly/camelopardalis/pkg/alpaca/alpaca.go:304.29,306.3 1 0
github.com/observerly/camelopardalis/pkg/alpaca/alpaca.go:319.96,321.2 1 1
github.com/observerly/camelopardalis/pkg/alpaca/alpaca.go:329.101,331.2 1 1
github.com/observerly/camelopardalis/pkg/alpaca/alpaca.go:339.100,341.2 1 1
github.com/observerly/camelopardalis/pkg/alpaca/alpaca.go:349.103,351.2 1 1
github.com/observerly/camelopardalis/pkg/alpaca/alpaca.go:365.105,367.2 1 1
github.com/observerly/camelopardalis/pkg/alpaca/alpaca.go:375.94,377.2 1 1
github.com/observerly/camelopardalis/pkg/alpaca/alpaca.go:385.108,387.2 1 1
github.com/observerly/camelopardalis/pkg/alpaca/filterwheel.go:10.121,19.2 3 5
github.com/observerly/camelopardalis/pkg/alpaca/filterwheel.go:27.59,29.2 1 1
github.com/observerly/camelopardalis/pkg/alpaca/filterwheel.go:37.52,39.2 1 1
github.com/observerly/camelopardalis/pkg/alpaca/filterwheel.go:47.52,49.2 1 1
github.com/observerly/camelopardalis/pkg/alpaca/filterwheel.go:57.57,67.2 3 1
github.com/observerly/camelopardalis/pkg/alpaca/focuser.go:8.113,17.2 3 5
github.com/observerly/camelopardalis/pkg/alpaca/focuser.go:25.46,27.2 1 1
github.com/observerly/camelopardalis/pkg/alpaca/focuser.go:35.44,37.2 1 1
github.com/observerly/camelopardalis/pkg/alpaca/focuser.go:45.52,47.2 1 1
github.com/observerly/camelopardalis/pkg/alpaca/focuser.go:55.47,57.2 1 1
github.com/observerly/camelopardalis/pkg/alpaca/focuser.go:65.48,67.2 1 0
github.com/observerly/camelopardalis/pkg/alpaca/telescope.go:63.134,73.2 3 6
github.com/observerly/camelopardalis/pkg/alpaca/telescope.go:81.42,90.2 3 1
github.com/observerly/camelopardalis/pkg/alpaca/telescope.go:100.63,103.2 2 1
github.com/observerly/camelopardalis/pkg/alpaca/telescope.go:111.52,113.2 1 1
github.com/observerly/camelopardalis/pkg/alpaca/telescope.go:121.56,123.2 1 1
github.com/observerly/camelopardalis/pkg/alpaca/telescope.go:131.60,133.2 1 1
github.com/observerly/camelopardalis/pkg/alpaca/telescope.go:141.77,150.16 4 1
github.com/observerly/camelopardalis/pkg/alpaca/telescope.go:155.2,157.29 2 1
github.com/observerly/camelopardalis/pkg/alpaca/telescope.go:150.16,152.3 1 0
github.com/observerly/camelopardalis/pkg/alpaca/telescope.go:166.46,168.2 1 1
github.com/observerly/camelopardalis/pkg/alpaca/telescope.go:176.46,178.2 1 1
github.com/observerly/camelopardalis/pkg/alpaca/telescope.go:186.51,188.2 1 1
github.com/observerly/camelopardalis/pkg/alpaca/telescope.go:196.49,198.2 1 1
github.com/observerly/camelopardalis/pkg/alpaca/telescope.go:206.62,214.16 4 1
github.com/observerly/camelopardalis/pkg/alpaca/telescope.go:219.2,219.20 1 1
github.com/observerly/camelopardalis/pkg/alpaca/telescope.go:225.2,227.26 2 1
github.com/observerly/camelopardalis/pkg/alpaca/telescope.go:214.16,216.3 1 0
github.com/observerly/camelopardalis/pkg/alpaca/telescope.go:219.20,222.3 2 0
github.com/observerly/camelopardalis/pkg/alpaca/telescope.go:236.45,238.2 1 1
github.com/observerly/camelopardalis/pkg/alpaca/telescope.go:246.51,248.2 1 1
github.com/observerly/camelopardalis/pkg/alpaca/telescope.go:256.59,258.2 1 1
github.com/observerly/camelopardalis/pkg/alpaca/telescope.go:266.54,268.2 1 1
github.com/observerly/camelopardalis/pkg/alpaca/telescope.go:276.48,278.2 1 1
github.com/observerly/camelopardalis/pkg/alpaca/telescope.go:286.52,288.2 1 1
github.com/observerly/camelopardalis/pkg/alpaca/telescope.go:296.62,298.2 1 1
github.com/observerly/camelopardalis/pkg/alpaca/telescope.go:306.52,308.2 1 1
github.com/observerly/camelopardalis/pkg/alpaca/telescope.go:316.45,318.2 1 1
github.com/observerly/camelopardalis/pkg/alpaca/telescope.go:326.50,328.2 1 1
github.com/observerly/camelopardalis/pkg/alpaca/telescope.go:336.55,338.2 1 1
github.com/observerly/camelopardalis/pkg/alpaca/telescope.go:346.50,348.2 1 1
github.com/observerly/camelopardalis/pkg/alpaca/telescope.go:356.45,358.2 1 1
github.com/observerly/camelopardalis/pkg/alpaca/telescope.go:366.50,368.2 1 1
github.com/observerly/camelopardalis/pkg/alpaca/telescope.go:376.47,378.2 1 1
github.com/observerly/camelopardalis/pkg/alpaca/telescope.go:386.39,395.2 3 1
github.com/observerly/camelopardalis/pkg/alpaca/telescope.go:405.55,407.2 1 1
github.com/observerly/camelopardalis/pkg/alpaca/telescope.go:415.59,417.2 1 1
github.com/observerly/camelopardalis/pkg/alpaca/telescope.go:425.71,435.2 3 1
github.com/observerly/camelopardalis/pkg/alpaca/telescope.go:443.52,445.2 1 1
github.com/observerly/camelopardalis/pkg/alpaca/telescope.go:455.66,465.2 3 1
github.com/observerly/camelopardalis/pkg/alpaca/telescope.go:473.69,476.2 2 1
github.com/observerly/camelopardalis/pkg/alpaca/telescope.go:484.55,486.2 1 1
github.com/observerly/camelopardalis/pkg/alpaca/telescope.go:494.52,496.2 1 1
github.com/observerly/camelopardalis/pkg/alpaca/telescope.go:505.58,507.2 1 1
github.com/observerly/camelopardalis/pkg/alpaca/telescope.go:515.62,517.2 1 1
github.com/observerly/camelopardalis/pkg/alpaca/telescope.go:525.77,535.2 3 1
github.com/observerly/camelopardalis/pkg/alpaca/telescope.go:543.63,546.2 2 1
github.com/observerly/camelopardalis/pkg/alpaca/telescope.go:554.70,557.40 2 3
github.com/observerly/camelopardalis/pkg/alpaca/telescope.go:561.2,567.70 2 2
github.com/observerly/camelopardalis/pkg/alpaca/telescope.go:557.40,559.3 1 1
github.com/observerly/camelopardalis/pkg/alpaca/telescope.go:576.56,578.2 1 1
github.com/observerly/camelopardalis/pkg/alpaca/telescope.go:586.57,588.2 1 1
github.com/observerly/camelopardalis/pkg/alpaca/telescope.go:597.67,600.52 2 3
github.com/observerly/camelopardalis/pkg/alpaca/telescope.go:604.2,610.73 2 1
github.com/observerly/camelopardalis/pkg/alpaca/telescope.go:600.52,602.3 1 2
github.com/observerly/camelopardalis/pkg/alpaca/telescope.go:619.56,621.2 1 1
github.com/observerly/camelopardalis/pkg/alpaca/telescope.go:629.65,632.47 2 3
github.com/observerly/camelopardalis/pkg/alpaca/telescope.go:636.2,642.72 2 1
github.com/observerly/camelopardalis/pkg/alpaca/telescope.go:632.47,634.3 1 2
github.com/observerly/camelopardalis/pkg/alpaca/telescope.go:651.57,653.2 1 1
github.com/observerly/camelopardalis/pkg/alpaca/telescope.go:661.67,664.51 2 3
github.com/observerly/camelopardalis/pkg/alpaca/telescope.go:668.2,674.73 2 1
github.com/observerly/camelopardalis/pkg/alpaca/telescope.go:664.51,666.3 1 2
github.com/observerly/camelopardalis/pkg/alpaca/telescope.go:684.47,686.2 1 1
github.com/observerly/camelopardalis/pkg/alpaca/telescope.go:694.56,696.2 1 1
github.com/observerly/camelopardalis/pkg/alpaca/telescope.go:704.67,714.2 3 1
github.com/observerly/camelopardalis/pkg/alpaca/telescope.go:722.77,727.37 3 3
github.com/observerly/camelopardalis/pkg/alpaca/telescope.go:731.2,731.34 1 2
github.com/observerly/camelopardalis/pkg/alpaca/telescope.go:735.2,742.71 2 1
github.com/observerly/camelopardalis/pkg/alpaca/telescope.go:727.37,729.3 1 1
github.com/observerly/camelopardalis/pkg/alpaca/telescope.go:731.34,733.3 1 1
github.com/observerly/camelopardalis/pkg/alpaca/telescope.go:752.82,757.37 3 3
github.com/observerly/camelopardalis/pkg/alpaca/telescope.go:761.2,761.34 1 2
github.com/observerly/camelopardalis/pkg/alpaca/telescope.go:765.2,772.76 2 1
github.com/observerly/camelopardalis/pkg/alpaca/telescope.go:757.37,759.3 1 1
github.com/observerly/camelopardalis/pkg/alpaca/telescope.go:761.34,763.3 1 1
github.com/observerly/camelopardalis/pkg/alpaca/telescope.go:782.93,787.43 3 3
github.com/observerly/camelopardalis/pkg/alpaca/telescope.go:791.2,791.48 1 2
github.com/observerly/camelopardalis/pkg/alpaca/telescope.go:795.2,804.77 3 1
github.com/observerly/camelopardalis/pkg/alpaca/telescope.go:787.43,789.3 1 1
github.com/observerly/camelopardalis/pkg/alpaca/telescope.go:791.48,793.3 1 1
github.com/observerly/camelopardalis/pkg/alpaca/telescope.go:814.98,819.43 3 3
github.com/observerly/camelopardalis/pkg/alpaca/telescope.go:823.2,823.48 1 2
github.com/observerly/camelopardalis/pkg/alpaca/telescope.go:827.2,836.82 3 1
github.com/observerly/camelopardalis/pkg/alpaca/telescope.go:819.43,821.3 1 1
github.com/observerly/camelopardalis/pkg/alpaca/telescope.go:823.48,825.3 1 1
github.com/observerly/camelopardalis/pkg/alpaca/telescope.go:846.45,857.2 4 1
github.com/observerly/camelopardalis/pkg/alpaca/telescope.go:867.50,878.2 4 1
github.com/observerly/camelopardalis/pkg/alpaca/telescope.go:886.61,888.2 1 1
github.com/observerly/camelopardalis/pkg/alpaca/telescope.go:896.75,906.2 3 1
github.com/observerly/camelopardalis/pkg/alpaca/telescope.go:914.64,916.2 1 1
github.com/observerly/camelopardalis/pkg/alpaca/telescope.go:924.81,934.2 3 1
github.com/observerly/camelopardalis/pkg/alpaca/telescope.go:942.48,944.2 1 1
github.com/observerly/camelopardalis/pkg/alpaca/telescope.go:952.54,962.2 3 15
github.com/observerly/camelopardalis/pkg/alpaca/telescope.go:970.54,972.2 1 1
github.com/observerly/camelopardalis/pkg/alpaca/telescope.go:983.53,987.2 3 1
github.com/observerly/camelopardalis/pkg/alpaca/telescope.go:998.57,1011.2 4 1
